2026-04-28 03:09:16 [INFO]: Server running on http://localhost:3000
2026-04-28 03:09:16 [INFO]: Swagger Docs available at http://localhost:3000/api-docs
2026-04-28 03:09:23 [INFO]: Incoming Request: GET /
2026-04-28 03:09:23 [ERROR]: Server Error: Failed to lookup view "admin/users/list" in views directory "E:\PRACTICE\Exam_Portal\views" 
Stack: Error: Failed to lookup view "admin/users/list" in views directory "E:\PRACTICE\Exam_Portal\views"
    at Function.render (E:\PRACTICE\Exam_Portal\node_modules\express\lib\application.js:562:17)
    at ServerResponse.render (E:\PRACTICE\Exam_Portal\node_modules\express\lib\response.js:923:7)
    at renderUserList (E:\PRACTICE\Exam_Portal\app\controllers\userController.js:9:11)
    at process.processTicksAndRejections (node:internal/process/task_queues:105:5)
2026-04-28 03:09:23 [INFO]: Incoming Request: GET /favicon.ico
2026-04-28 03:09:23 [ERROR]: Error in getUserById API: Cast to ObjectId failed for value "favicon.ico" (type string) at path "_id" for model "User"
2026-04-28 03:09:28 [INFO]: Incoming Request: GET /api-docs/
2026-04-28 03:09:28 [ERROR]: Error in getUserById API: Cast to ObjectId failed for value "api-docs" (type string) at path "_id" for model "User"
2026-04-28 03:09:28 [INFO]: Incoming Request: GET /favicon.ico
2026-04-28 03:09:28 [ERROR]: Error in getUserById API: Cast to ObjectId failed for value "favicon.ico" (type string) at path "_id" for model "User"
2026-04-28 03:11:58 [INFO]: Server running on http://localhost:3000
2026-04-28 03:11:58 [INFO]: Swagger Docs available at http://localhost:3000/api-docs
2026-04-28 03:33:26 [INFO]: Server running on http://localhost:3000
2026-04-28 03:33:26 [INFO]: Swagger Docs available at http://localhost:3000/api-docs
2026-04-28 03:33:34 [INFO]: Server running on http://localhost:3000
2026-04-28 03:33:34 [INFO]: Swagger Docs available at http://localhost:3000/api-docs
2026-04-28 03:35:57 [INFO]: Server running on http://localhost:3000
2026-04-28 03:35:57 [INFO]: Swagger Docs available at http://localhost:3000/api-docs
2026-04-28 03:35:59 [INFO]: Server running on http://localhost:3000
2026-04-28 03:35:59 [INFO]: Swagger Docs available at http://localhost:3000/api-docs
2026-04-28 03:36:25 [INFO]: Server running on http://localhost:3000
2026-04-28 03:36:25 [INFO]: Swagger Docs available at http://localhost:3000/api-docs
2026-04-28 03:58:40 [INFO]: Server running on http://localhost:3000
2026-04-28 03:58:40 [INFO]: Swagger Docs available at http://localhost:3000/api-docs
2026-04-28 03:58:48 [INFO]: Server running on http://localhost:3000
2026-04-28 03:58:48 [INFO]: Swagger Docs available at http://localhost:3000/api-docs
2026-04-28 03:58:53 [INFO]: Server running on http://localhost:3000
2026-04-28 03:58:53 [INFO]: Swagger Docs available at http://localhost:3000/api-docs
2026-04-28 03:59:32 [INFO]: Server running on http://localhost:3000
2026-04-28 03:59:32 [INFO]: Swagger Docs available at http://localhost:3000/api-docs
2026-04-28 03:59:36 [INFO]: Server running on http://localhost:3000
2026-04-28 03:59:36 [INFO]: Swagger Docs available at http://localhost:3000/api-docs
2026-04-28 03:59:40 [INFO]: Server running on http://localhost:3000
2026-04-28 03:59:40 [INFO]: Swagger Docs available at http://localhost:3000/api-docs
2026-04-28 03:59:43 [INFO]: Server running on http://localhost:3000
2026-04-28 03:59:43 [INFO]: Swagger Docs available at http://localhost:3000/api-docs
2026-04-28 03:59:46 [INFO]: Server running on http://localhost:3000
2026-04-28 03:59:46 [INFO]: Swagger Docs available at http://localhost:3000/api-docs
2026-04-28 03:59:54 [INFO]: Server running on http://localhost:3000
2026-04-28 03:59:54 [INFO]: Swagger Docs available at http://localhost:3000/api-docs
2026-04-28 03:59:58 [INFO]: Server running on http://localhost:3000
2026-04-28 03:59:58 [INFO]: Swagger Docs available at http://localhost:3000/api-docs
2026-04-28 04:00:02 [INFO]: Server running on http://localhost:3000
2026-04-28 04:00:02 [INFO]: Swagger Docs available at http://localhost:3000/api-docs
2026-04-28 04:00:06 [INFO]: Server running on http://localhost:3000
2026-04-28 04:00:06 [INFO]: Swagger Docs available at http://localhost:3000/api-docs
2026-04-28 04:00:09 [INFO]: Server running on http://localhost:3000
2026-04-28 04:00:09 [INFO]: Swagger Docs available at http://localhost:3000/api-docs
2026-04-28 04:00:11 [INFO]: Server running on http://localhost:3000
2026-04-28 04:00:11 [INFO]: Swagger Docs available at http://localhost:3000/api-docs
2026-04-28 04:00:17 [INFO]: Server running on http://localhost:3000
2026-04-28 04:00:17 [INFO]: Swagger Docs available at http://localhost:3000/api-docs
2026-04-28 04:00:25 [INFO]: Server running on http://localhost:3000
2026-04-28 04:00:25 [INFO]: Swagger Docs available at http://localhost:3000/api-docs
2026-04-28 04:01:45 [INFO]: Server running on http://localhost:3000
2026-04-28 04:01:45 [INFO]: Swagger Docs available at http://localhost:3000/api-docs
2026-04-28 04:01:54 [INFO]: Server running on http://localhost:3000
2026-04-28 04:01:54 [INFO]: Swagger Docs available at http://localhost:3000/api-docs
2026-04-28 04:02:01 [INFO]: Server running on http://localhost:3000
2026-04-28 04:02:01 [INFO]: Swagger Docs available at http://localhost:3000/api-docs
2026-04-28 04:02:36 [INFO]: Server running on http://localhost:3000
2026-04-28 04:02:36 [INFO]: Swagger Docs available at http://localhost:3000/api-docs
2026-04-28 04:02:41 [INFO]: Server running on http://localhost:3000
2026-04-28 04:02:41 [INFO]: Swagger Docs available at http://localhost:3000/api-docs
2026-04-28 04:02:46 [INFO]: Server running on http://localhost:3000
2026-04-28 04:02:46 [INFO]: Swagger Docs available at http://localhost:3000/api-docs
2026-04-28 04:02:52 [INFO]: Server running on http://localhost:3000
2026-04-28 04:02:52 [INFO]: Swagger Docs available at http://localhost:3000/api-docs
2026-04-28 04:03:00 [INFO]: Server running on http://localhost:3000
2026-04-28 04:03:00 [INFO]: Swagger Docs available at http://localhost:3000/api-docs
2026-04-28 04:03:03 [INFO]: Server running on http://localhost:3000
2026-04-28 04:03:03 [INFO]: Swagger Docs available at http://localhost:3000/api-docs
2026-04-28 04:03:09 [INFO]: Server running on http://localhost:3000
2026-04-28 04:03:09 [INFO]: Swagger Docs available at http://localhost:3000/api-docs
2026-04-28 04:03:11 [INFO]: Server running on http://localhost:3000
2026-04-28 04:03:11 [INFO]: Swagger Docs available at http://localhost:3000/api-docs
2026-04-28 04:03:17 [INFO]: Server running on http://localhost:3000
2026-04-28 04:03:17 [INFO]: Swagger Docs available at http://localhost:3000/api-docs
2026-04-28 04:04:04 [INFO]: Server running on http://localhost:3000
2026-04-28 04:04:04 [INFO]: Swagger Docs available at http://localhost:3000/api-docs
2026-04-28 04:04:16 [INFO]: Server running on http://localhost:3000
2026-04-28 04:04:16 [INFO]: Swagger Docs available at http://localhost:3000/api-docs
2026-04-28 04:04:24 [INFO]: Server running on http://localhost:3000
2026-04-28 04:04:24 [INFO]: Swagger Docs available at http://localhost:3000/api-docs
2026-04-28 04:04:26 [INFO]: Server running on http://localhost:3000
2026-04-28 04:04:26 [INFO]: Swagger Docs available at http://localhost:3000/api-docs
2026-04-28 04:04:34 [INFO]: Server running on http://localhost:3000
2026-04-28 04:04:34 [INFO]: Swagger Docs available at http://localhost:3000/api-docs
2026-04-28 04:04:37 [INFO]: Server running on http://localhost:3000
2026-04-28 04:04:37 [INFO]: Swagger Docs available at http://localhost:3000/api-docs
2026-04-28 04:04:42 [INFO]: Server running on http://localhost:3000
2026-04-28 04:04:42 [INFO]: Swagger Docs available at http://localhost:3000/api-docs
2026-04-28 04:05:23 [INFO]: Server running on http://localhost:3000
2026-04-28 04:05:23 [INFO]: Swagger Docs available at http://localhost:3000/api-docs
2026-04-28 04:06:13 [INFO]: Server running on http://localhost:3000
2026-04-28 04:06:13 [INFO]: Swagger Docs available at http://localhost:3000/api-docs
2026-04-28 04:06:16 [INFO]: Server running on http://localhost:3000
2026-04-28 04:06:16 [INFO]: Swagger Docs available at http://localhost:3000/api-docs
2026-04-28 04:06:25 [INFO]: Server running on http://localhost:3000
2026-04-28 04:06:25 [INFO]: Swagger Docs available at http://localhost:3000/api-docs
2026-04-28 04:06:43 [INFO]: Server running on http://localhost:3000
2026-04-28 04:06:43 [INFO]: Swagger Docs available at http://localhost:3000/api-docs
2026-04-28 04:06:55 [INFO]: Server running on http://localhost:3000
2026-04-28 04:06:55 [INFO]: Swagger Docs available at http://localhost:3000/api-docs
2026-04-28 04:06:56 [INFO]: Server running on http://localhost:3000
2026-04-28 04:06:56 [INFO]: Swagger Docs available at http://localhost:3000/api-docs
2026-04-28 04:07:09 [INFO]: Server running on http://localhost:3000
2026-04-28 04:07:09 [INFO]: Swagger Docs available at http://localhost:3000/api-docs
2026-04-28 04:07:18 [INFO]: Server running on http://localhost:3000
2026-04-28 04:07:18 [INFO]: Swagger Docs available at http://localhost:3000/api-docs
2026-04-28 04:07:20 [INFO]: Server running on http://localhost:3000
2026-04-28 04:07:20 [INFO]: Swagger Docs available at http://localhost:3000/api-docs
2026-04-28 04:07:39 [INFO]: Incoming Request: GET /favicon.ico
2026-04-28 04:07:39 [ERROR]: Error in getUserById API: Cast to ObjectId failed for value "favicon.ico" (type string) at path "_id" for model "User"
2026-04-28 04:07:41 [INFO]: Incoming Request: GET /api-docs/
2026-04-28 04:07:41 [ERROR]: Error in getUserById API: Cast to ObjectId failed for value "api-docs" (type string) at path "_id" for model "User"
2026-04-28 04:07:41 [INFO]: Incoming Request: GET /favicon.ico
2026-04-28 04:07:41 [ERROR]: Error in getUserById API: Cast to ObjectId failed for value "favicon.ico" (type string) at path "_id" for model "User"
2026-04-28 04:10:40 [INFO]: Server running on http://localhost:3000
2026-04-28 04:10:40 [INFO]: Swagger Docs available at http://localhost:3000/api-docs
2026-04-28 04:11:14 [INFO]: Server running on http://localhost:3000
2026-04-28 04:11:14 [INFO]: Swagger Docs available at http://localhost:3000/api-docs
2026-04-28 04:11:17 [INFO]: Server running on http://localhost:3000
2026-04-28 04:11:17 [INFO]: Swagger Docs available at http://localhost:3000/api-docs
2026-04-28 04:11:18 [INFO]: Incoming Request: GET /api-docs/
2026-04-28 04:11:18 [INFO]: Incoming Request: GET /api-docs/swagger-ui.css
2026-04-28 04:11:18 [INFO]: Incoming Request: GET /api-docs/swagger-ui-standalone-preset.js
2026-04-28 04:11:18 [INFO]: Incoming Request: GET /api-docs/swagger-ui-bundle.js
2026-04-28 04:11:18 [INFO]: Incoming Request: GET /api-docs/swagger-ui-init.js
2026-04-28 04:11:19 [INFO]: Incoming Request: GET /api-docs/favicon-32x32.png
2026-04-28 04:19:16 [INFO]: Server running on http://localhost:3000
2026-04-28 04:19:16 [INFO]: Swagger Docs available at http://localhost:3000/api-docs
