2026-04-29 02:15:14 [INFO]: Server running on http://localhost:3000
2026-04-29 02:15:14 [INFO]: Swagger Docs available at http://localhost:3000/api-docs
2026-04-29 02:19:19 [INFO]: Incoming Request: GET /admin
2026-04-29 02:19:19 [WARN]: 404 Not Found: GET /admin
2026-04-29 02:19:19 [INFO]: Incoming Request: GET /favicon.ico
2026-04-29 02:19:19 [WARN]: 404 Not Found: GET /favicon.ico
2026-04-29 02:19:36 [INFO]: Incoming Request: GET /admin/login
2026-04-29 02:19:36 [WARN]: 404 Not Found: GET /admin/login
2026-04-29 02:20:12 [INFO]: Incoming Request: GET /login
2026-04-29 02:20:20 [INFO]: Incoming Request: POST /login
2026-04-29 02:20:21 [INFO]: Incoming Request: GET /login?error=Invalid%20Credentials
2026-04-29 02:20:27 [INFO]: Incoming Request: GET /.well-known/appspecific/com.chrome.devtools.json
2026-04-29 02:20:27 [WARN]: 404 Not Found: GET /.well-known/appspecific/com.chrome.devtools.json
2026-04-29 02:20:34 [INFO]: Incoming Request: GET /forgot-password
2026-04-29 02:20:34 [INFO]: Incoming Request: GET /.well-known/appspecific/com.chrome.devtools.json
2026-04-29 02:20:34 [WARN]: 404 Not Found: GET /.well-known/appspecific/com.chrome.devtools.json
2026-04-29 03:05:10 [INFO]: Incoming Request: GET /list
2026-04-29 03:05:10 [WARN]: 404 Not Found: GET /list
2026-04-29 03:05:53 [INFO]: Incoming Request: GET /dashbaord
2026-04-29 03:05:53 [WARN]: 404 Not Found: GET /dashbaord
2026-04-29 03:07:15 [INFO]: Incoming Request: GET /
2026-04-29 03:07:15 [WARN]: 404 Not Found: GET /
2026-04-29 03:07:26 [INFO]: Incoming Request: GET /admin
2026-04-29 03:07:26 [WARN]: 404 Not Found: GET /admin
2026-04-29 03:07:48 [INFO]: Incoming Request: GET /admin/users
2026-04-29 03:07:49 [ERROR]: Server Error: E:\PRACTICE\Exam_Portal\views\admin\users\list.ejs:5
    3|     <div class="container-fluid">
    4|         <div class="row">
 >> 5|             <%- include('../../layouts/sidebar') %>
    6| 
    7|                 <main class="col-md-9 ms-sm-auto col-lg-10 px-md-4 bg-light" style="min-height: 100vh;">
    8|                     <%- include('../../layouts/navbar') %>

E:\PRACTICE\Exam_Portal\views\layouts\sidebar.ejs:14
    12|             </li>
    13| 
 >> 14|             <% if(user && user.role==='SuperAdmin' ) { %>
    15|                 <li class="nav-item">
    16|                     <a class="nav-link text-light rounded hover-bg-primary" href="/admin/users">
    17|                         <i class="bi bi-people-fill me-2"></i> Manage Users

user is not defined 
Stack: ReferenceError: E:\PRACTICE\Exam_Portal\views\admin\users\list.ejs:5
    3|     <div class="container-fluid">
    4|         <div class="row">
 >> 5|             <%- include('../../layouts/sidebar') %>
    6| 
    7|                 <main class="col-md-9 ms-sm-auto col-lg-10 px-md-4 bg-light" style="min-height: 100vh;">
    8|                     <%- include('../../layouts/navbar') %>

E:\PRACTICE\Exam_Portal\views\layouts\sidebar.ejs:14
    12|             </li>
    13| 
 >> 14|             <% if(user && user.role==='SuperAdmin' ) { %>
    15|                 <li class="nav-item">
    16|                     <a class="nav-link text-light rounded hover-bg-primary" href="/admin/users">
    17|                         <i class="bi bi-people-fill me-2"></i> Manage Users

user is not defined
    at eval ("E:\\PRACTICE\\Exam_Portal\\views\\layouts\\sidebar.ejs":12:8)
    at sidebar (E:\PRACTICE\Exam_Portal\node_modules\ejs\lib\cjs\ejs.js:632:23)
    at include (E:\PRACTICE\Exam_Portal\node_modules\ejs\lib\cjs\ejs.js:630:47)
    at eval ("E:\\PRACTICE\\Exam_Portal\\views\\admin\\users\\list.ejs":13:17)
    at list (E:\PRACTICE\Exam_Portal\node_modules\ejs\lib\cjs\ejs.js:632:23)
    at tryHandleCache (E:\PRACTICE\Exam_Portal\node_modules\ejs\lib\cjs\ejs.js:253:42)
    at ejs.renderFile [as engine] (E:\PRACTICE\Exam_Portal\node_modules\ejs\lib\cjs\ejs.js:444:12)
    at View.render (E:\PRACTICE\Exam_Portal\node_modules\express\lib\view.js:139:8)
    at tryRender (E:\PRACTICE\Exam_Portal\node_modules\express\lib\application.js:627:10)
    at Function.render (E:\PRACTICE\Exam_Portal\node_modules\express\lib\application.js:574:3)
2026-04-29 03:12:26 [INFO]: Incoming Request: GET /login
2026-04-29 03:12:54 [INFO]: Server running on http://localhost:3000
2026-04-29 03:12:54 [INFO]: Swagger Docs available at http://localhost:3000/api-docs
2026-04-29 03:12:57 [INFO]: Server running on http://localhost:3000
2026-04-29 03:12:57 [INFO]: Swagger Docs available at http://localhost:3000/api-docs
2026-04-29 03:13:03 [INFO]: Incoming Request: GET /admin/users
2026-04-29 03:13:03 [ERROR]: Server Error: E:\PRACTICE\Exam_Portal\views\admin\users\list.ejs:5
    3|     <div class="container-fluid">
    4|         <div class="row">
 >> 5|             <%- include('../../layouts/sidebar') %>
    6| 
    7|                 <main class="col-md-9 ms-sm-auto col-lg-10 px-md-4 bg-light" style="min-height: 100vh;">
    8|                     <%- include('../../layouts/navbar') %>

E:\PRACTICE\Exam_Portal\views\layouts\sidebar.ejs:14
    12|             </li>
    13| 
 >> 14|             <% if(user && user.role==='SuperAdmin' ) { %>
    15|                 <li class="nav-item">
    16|                     <a class="nav-link text-light rounded hover-bg-primary" href="/admin/users">
    17|                         <i class="bi bi-people-fill me-2"></i> Manage Users

user is not defined 
Stack: ReferenceError: E:\PRACTICE\Exam_Portal\views\admin\users\list.ejs:5
    3|     <div class="container-fluid">
    4|         <div class="row">
 >> 5|             <%- include('../../layouts/sidebar') %>
    6| 
    7|                 <main class="col-md-9 ms-sm-auto col-lg-10 px-md-4 bg-light" style="min-height: 100vh;">
    8|                     <%- include('../../layouts/navbar') %>

E:\PRACTICE\Exam_Portal\views\layouts\sidebar.ejs:14
    12|             </li>
    13| 
 >> 14|             <% if(user && user.role==='SuperAdmin' ) { %>
    15|                 <li class="nav-item">
    16|                     <a class="nav-link text-light rounded hover-bg-primary" href="/admin/users">
    17|                         <i class="bi bi-people-fill me-2"></i> Manage Users

user is not defined
    at eval ("E:\\PRACTICE\\Exam_Portal\\views\\layouts\\sidebar.ejs":12:8)
    at sidebar (E:\PRACTICE\Exam_Portal\node_modules\ejs\lib\cjs\ejs.js:632:23)
    at include (E:\PRACTICE\Exam_Portal\node_modules\ejs\lib\cjs\ejs.js:630:47)
    at eval ("E:\\PRACTICE\\Exam_Portal\\views\\admin\\users\\list.ejs":13:17)
    at list (E:\PRACTICE\Exam_Portal\node_modules\ejs\lib\cjs\ejs.js:632:23)
    at tryHandleCache (E:\PRACTICE\Exam_Portal\node_modules\ejs\lib\cjs\ejs.js:253:42)
    at ejs.renderFile [as engine] (E:\PRACTICE\Exam_Portal\node_modules\ejs\lib\cjs\ejs.js:444:12)
    at View.render (E:\PRACTICE\Exam_Portal\node_modules\express\lib\view.js:139:8)
    at tryRender (E:\PRACTICE\Exam_Portal\node_modules\express\lib\application.js:627:10)
    at Function.render (E:\PRACTICE\Exam_Portal\node_modules\express\lib\application.js:574:3)
2026-04-29 03:13:04 [INFO]: Incoming Request: GET /admin/users
2026-04-29 03:13:04 [ERROR]: Server Error: E:\PRACTICE\Exam_Portal\views\admin\users\list.ejs:5
    3|     <div class="container-fluid">
    4|         <div class="row">
 >> 5|             <%- include('../../layouts/sidebar') %>
    6| 
    7|                 <main class="col-md-9 ms-sm-auto col-lg-10 px-md-4 bg-light" style="min-height: 100vh;">
    8|                     <%- include('../../layouts/navbar') %>

E:\PRACTICE\Exam_Portal\views\layouts\sidebar.ejs:14
    12|             </li>
    13| 
 >> 14|             <% if(user && user.role==='SuperAdmin' ) { %>
    15|                 <li class="nav-item">
    16|                     <a class="nav-link text-light rounded hover-bg-primary" href="/admin/users">
    17|                         <i class="bi bi-people-fill me-2"></i> Manage Users

user is not defined 
Stack: ReferenceError: E:\PRACTICE\Exam_Portal\views\admin\users\list.ejs:5
    3|     <div class="container-fluid">
    4|         <div class="row">
 >> 5|             <%- include('../../layouts/sidebar') %>
    6| 
    7|                 <main class="col-md-9 ms-sm-auto col-lg-10 px-md-4 bg-light" style="min-height: 100vh;">
    8|                     <%- include('../../layouts/navbar') %>

E:\PRACTICE\Exam_Portal\views\layouts\sidebar.ejs:14
    12|             </li>
    13| 
 >> 14|             <% if(user && user.role==='SuperAdmin' ) { %>
    15|                 <li class="nav-item">
    16|                     <a class="nav-link text-light rounded hover-bg-primary" href="/admin/users">
    17|                         <i class="bi bi-people-fill me-2"></i> Manage Users

user is not defined
    at eval ("E:\\PRACTICE\\Exam_Portal\\views\\layouts\\sidebar.ejs":12:8)
    at sidebar (E:\PRACTICE\Exam_Portal\node_modules\ejs\lib\cjs\ejs.js:632:23)
    at include (E:\PRACTICE\Exam_Portal\node_modules\ejs\lib\cjs\ejs.js:630:47)
    at eval ("E:\\PRACTICE\\Exam_Portal\\views\\admin\\users\\list.ejs":13:17)
    at list (E:\PRACTICE\Exam_Portal\node_modules\ejs\lib\cjs\ejs.js:632:23)
    at tryHandleCache (E:\PRACTICE\Exam_Portal\node_modules\ejs\lib\cjs\ejs.js:253:42)
    at ejs.renderFile [as engine] (E:\PRACTICE\Exam_Portal\node_modules\ejs\lib\cjs\ejs.js:444:12)
    at View.render (E:\PRACTICE\Exam_Portal\node_modules\express\lib\view.js:139:8)
    at tryRender (E:\PRACTICE\Exam_Portal\node_modules\express\lib\application.js:627:10)
    at Function.render (E:\PRACTICE\Exam_Portal\node_modules\express\lib\application.js:574:3)
2026-04-29 03:15:57 [INFO]: Incoming Request: GET /admin/users
2026-04-29 03:15:59 [INFO]: Incoming Request: GET /admin/exams
2026-04-29 03:15:59 [INFO]: Incoming Request: GET /login
2026-04-29 03:16:04 [INFO]: Incoming Request: GET /admin/results
2026-04-29 03:16:04 [INFO]: Incoming Request: GET /login
2026-04-29 03:16:14 [INFO]: Incoming Request: GET /.well-known/appspecific/com.chrome.devtools.json
2026-04-29 03:16:14 [WARN]: 404 Not Found: GET /.well-known/appspecific/com.chrome.devtools.json
2026-04-29 03:16:32 [INFO]: Incoming Request: GET /admin/exams
2026-04-29 03:16:32 [INFO]: Incoming Request: GET /login
2026-04-29 03:16:32 [INFO]: Incoming Request: GET /.well-known/appspecific/com.chrome.devtools.json
2026-04-29 03:16:32 [WARN]: 404 Not Found: GET /.well-known/appspecific/com.chrome.devtools.json
2026-04-29 03:16:35 [INFO]: Incoming Request: GET /.well-known/appspecific/com.chrome.devtools.json
2026-04-29 03:16:35 [WARN]: 404 Not Found: GET /.well-known/appspecific/com.chrome.devtools.json
2026-04-29 03:16:35 [INFO]: Incoming Request: GET /.well-known/appspecific/com.chrome.devtools.json
2026-04-29 03:16:35 [WARN]: 404 Not Found: GET /.well-known/appspecific/com.chrome.devtools.json
2026-04-29 03:16:36 [INFO]: Incoming Request: GET /.well-known/appspecific/com.chrome.devtools.json
2026-04-29 03:16:36 [WARN]: 404 Not Found: GET /.well-known/appspecific/com.chrome.devtools.json
2026-04-29 03:16:38 [INFO]: Incoming Request: GET /.well-known/appspecific/com.chrome.devtools.json
2026-04-29 03:16:38 [WARN]: 404 Not Found: GET /.well-known/appspecific/com.chrome.devtools.json
2026-04-29 03:16:52 [INFO]: Incoming Request: GET /admin/users
2026-04-29 03:16:52 [INFO]: Incoming Request: GET /.well-known/appspecific/com.chrome.devtools.json
2026-04-29 03:16:52 [WARN]: 404 Not Found: GET /.well-known/appspecific/com.chrome.devtools.json
2026-04-29 03:17:26 [INFO]: Incoming Request: GET /admin/users
2026-04-29 03:17:27 [INFO]: Incoming Request: GET /.well-known/appspecific/com.chrome.devtools.json
2026-04-29 03:17:27 [WARN]: 404 Not Found: GET /.well-known/appspecific/com.chrome.devtools.json
2026-04-29 03:20:57 [INFO]: Server running on http://localhost:3000
2026-04-29 03:20:57 [INFO]: Swagger Docs available at http://localhost:3000/api-docs
2026-04-29 03:21:05 [INFO]: Server running on http://localhost:3000
2026-04-29 03:21:05 [INFO]: Swagger Docs available at http://localhost:3000/api-docs
2026-04-29 03:21:42 [INFO]: Server running on http://localhost:3000
2026-04-29 03:21:42 [INFO]: Swagger Docs available at http://localhost:3000/api-docs
