2026-04-30 02:08:46 [INFO]: Server running on http://localhost:3000
2026-04-30 02:08:46 [INFO]: Swagger Docs available at http://localhost:3000/api-docs
2026-04-30 02:08:49 [INFO]: Incoming Request: GET /login
2026-04-30 02:08:49 [INFO]: Incoming Request: GET /favicon.ico
2026-04-30 02:08:49 [WARN]: 404 Not Found: GET /favicon.ico
2026-04-30 02:08:52 [INFO]: Incoming Request: GET /register
2026-04-30 02:09:02 [INFO]: Incoming Request: GET /login
2026-04-30 02:11:04 [INFO]: Server running on http://localhost:3000
2026-04-30 02:11:04 [INFO]: Swagger Docs available at http://localhost:3000/api-docs
2026-04-30 02:11:13 [INFO]: Server running on http://localhost:3000
2026-04-30 02:11:13 [INFO]: Swagger Docs available at http://localhost:3000/api-docs
2026-04-30 02:11:15 [INFO]: Server running on http://localhost:3000
2026-04-30 02:11:15 [INFO]: Swagger Docs available at http://localhost:3000/api-docs
2026-04-30 02:11:22 [INFO]: Server running on http://localhost:3000
2026-04-30 02:11:22 [INFO]: Swagger Docs available at http://localhost:3000/api-docs
2026-04-30 02:11:27 [INFO]: Server running on http://localhost:3000
2026-04-30 02:11:27 [INFO]: Swagger Docs available at http://localhost:3000/api-docs
2026-04-30 02:11:30 [INFO]: Server running on http://localhost:3000
2026-04-30 02:11:30 [INFO]: Swagger Docs available at http://localhost:3000/api-docs
2026-04-30 02:11:35 [INFO]: Server running on http://localhost:3000
2026-04-30 02:11:35 [INFO]: Swagger Docs available at http://localhost:3000/api-docs
2026-04-30 02:11:40 [INFO]: Server running on http://localhost:3000
2026-04-30 02:11:40 [INFO]: Swagger Docs available at http://localhost:3000/api-docs
2026-04-30 02:11:44 [INFO]: Server running on http://localhost:3000
2026-04-30 02:11:44 [INFO]: Swagger Docs available at http://localhost:3000/api-docs
2026-04-30 02:11:46 [INFO]: Server running on http://localhost:3000
2026-04-30 02:11:46 [INFO]: Swagger Docs available at http://localhost:3000/api-docs
2026-04-30 02:11:52 [INFO]: Server running on http://localhost:3000
2026-04-30 02:11:52 [INFO]: Swagger Docs available at http://localhost:3000/api-docs
2026-04-30 02:11:54 [INFO]: Server running on http://localhost:3000
2026-04-30 02:11:54 [INFO]: Swagger Docs available at http://localhost:3000/api-docs
2026-04-30 02:12:28 [INFO]: Server running on http://localhost:3000
2026-04-30 02:12:28 [INFO]: Swagger Docs available at http://localhost:3000/api-docs
2026-04-30 02:12:31 [INFO]: Server running on http://localhost:3000
2026-04-30 02:12:31 [INFO]: Swagger Docs available at http://localhost:3000/api-docs
2026-04-30 02:12:36 [INFO]: Server running on http://localhost:3000
2026-04-30 02:12:36 [INFO]: Swagger Docs available at http://localhost:3000/api-docs
2026-04-30 02:12:38 [INFO]: Server running on http://localhost:3000
2026-04-30 02:12:38 [INFO]: Swagger Docs available at http://localhost:3000/api-docs
2026-04-30 02:12:41 [INFO]: Server running on http://localhost:3000
2026-04-30 02:12:41 [INFO]: Swagger Docs available at http://localhost:3000/api-docs
2026-04-30 02:14:33 [INFO]: Server running on http://localhost:3000
2026-04-30 02:14:33 [INFO]: Swagger Docs available at http://localhost:3000/api-docs
2026-04-30 02:14:40 [INFO]: Server running on http://localhost:3000
2026-04-30 02:14:40 [INFO]: Swagger Docs available at http://localhost:3000/api-docs
2026-04-30 02:14:46 [INFO]: Server running on http://localhost:3000
2026-04-30 02:14:46 [INFO]: Swagger Docs available at http://localhost:3000/api-docs
2026-04-30 02:14:49 [INFO]: Server running on http://localhost:3000
2026-04-30 02:14:49 [INFO]: Swagger Docs available at http://localhost:3000/api-docs
2026-04-30 02:14:54 [INFO]: Server running on http://localhost:3000
2026-04-30 02:14:54 [INFO]: Swagger Docs available at http://localhost:3000/api-docs
2026-04-30 02:14:56 [INFO]: Server running on http://localhost:3000
2026-04-30 02:14:56 [INFO]: Swagger Docs available at http://localhost:3000/api-docs
2026-04-30 02:15:03 [INFO]: Server running on http://localhost:3000
2026-04-30 02:15:03 [INFO]: Swagger Docs available at http://localhost:3000/api-docs
2026-04-30 02:15:26 [INFO]: Server running on http://localhost:3000
2026-04-30 02:15:26 [INFO]: Swagger Docs available at http://localhost:3000/api-docs
2026-04-30 02:15:33 [INFO]: Server running on http://localhost:3000
2026-04-30 02:15:33 [INFO]: Swagger Docs available at http://localhost:3000/api-docs
2026-04-30 02:15:50 [INFO]: Server running on http://localhost:3000
2026-04-30 02:15:50 [INFO]: Swagger Docs available at http://localhost:3000/api-docs
2026-04-30 02:16:01 [INFO]: Server running on http://localhost:3000
2026-04-30 02:16:01 [INFO]: Swagger Docs available at http://localhost:3000/api-docs
2026-04-30 02:16:03 [INFO]: Server running on http://localhost:3000
2026-04-30 02:16:03 [INFO]: Swagger Docs available at http://localhost:3000/api-docs
2026-04-30 02:16:09 [INFO]: Server running on http://localhost:3000
2026-04-30 02:16:09 [INFO]: Swagger Docs available at http://localhost:3000/api-docs
2026-04-30 02:16:13 [INFO]: Server running on http://localhost:3000
2026-04-30 02:16:13 [INFO]: Swagger Docs available at http://localhost:3000/api-docs
2026-04-30 02:16:19 [INFO]: Server running on http://localhost:3000
2026-04-30 02:16:19 [INFO]: Swagger Docs available at http://localhost:3000/api-docs
2026-04-30 02:18:40 [INFO]: Incoming Request: GET /register
2026-04-30 02:18:44 [INFO]: Incoming Request: GET /.well-known/appspecific/com.chrome.devtools.json
2026-04-30 02:18:44 [WARN]: 404 Not Found: GET /.well-known/appspecific/com.chrome.devtools.json
2026-04-30 02:21:39 [INFO]: Incoming Request: POST /register
2026-04-30 02:21:39 [INFO]: Incoming Request: GET /register?error=Email%20already%20registered.%20Please%20login.
2026-04-30 02:22:13 [INFO]: Incoming Request: POST /register
2026-04-30 02:22:13 [INFO]: Incoming Request: GET /login?success=Account%20created%20successfully.%20Please%20login.
2026-04-30 02:22:20 [INFO]: Incoming Request: POST /login
2026-04-30 02:22:20 [INFO]: Incoming Request: GET /student/dashboard
2026-04-30 02:22:20 [ERROR]: Server Error: Failed to lookup view "student/dashboard" in views directory "E:\PRACTICE\Exam_Portal\views" 
Stack: Error: Failed to lookup view "student/dashboard" in views directory "E:\PRACTICE\Exam_Portal\views"
    at Function.render (E:\PRACTICE\Exam_Portal\node_modules\express\lib\application.js:562:17)
    at ServerResponse.render (E:\PRACTICE\Exam_Portal\node_modules\express\lib\response.js:923:7)
    at renderDashboard (E:\PRACTICE\Exam_Portal\app\controllers\candidateController.js:46:11)
    at process.processTicksAndRejections (node:internal/process/task_queues:105:5)
2026-04-30 02:26:51 [INFO]: Server running on http://localhost:3000
2026-04-30 02:26:51 [INFO]: Swagger Docs available at http://localhost:3000/api-docs
2026-04-30 02:26:56 [INFO]: Server running on http://localhost:3000
2026-04-30 02:26:56 [INFO]: Swagger Docs available at http://localhost:3000/api-docs
2026-04-30 02:26:58 [INFO]: Server running on http://localhost:3000
2026-04-30 02:26:58 [INFO]: Swagger Docs available at http://localhost:3000/api-docs
2026-04-30 02:40:57 [INFO]: Server running on http://localhost:3000
2026-04-30 02:40:57 [INFO]: Swagger Docs available at http://localhost:3000/api-docs
2026-04-30 02:41:49 [INFO]: Incoming Request: GET /login?success=Account%20created%20successfully.%20Please%20login.
2026-04-30 02:41:51 [INFO]: Incoming Request: GET /register
2026-04-30 02:42:03 [INFO]: Incoming Request: POST /register
2026-04-30 02:42:03 [INFO]: Incoming Request: GET /login?error=Password%20must%20be%20at%20least%208%20characters%20long%20and%20contain%20at%20least%20one%20uppercase%20letter%2C%20one%20lowercase%20letter%2C%20one%20number%2C%20and%20one%20special%20character.
2026-04-30 02:42:09 [INFO]: Incoming Request: GET /register
2026-04-30 02:42:44 [INFO]: Incoming Request: POST /register
2026-04-30 02:42:44 [INFO]: Incoming Request: GET /login?error=Password%20must%20be%20at%20least%208%20characters%20long%20and%20contain%20at%20least%20one%20uppercase%20letter%2C%20one%20lowercase%20letter%2C%20one%20number%2C%20and%20one%20special%20character.
2026-04-30 02:42:48 [INFO]: Incoming Request: GET /register
2026-04-30 02:43:09 [INFO]: Incoming Request: POST /register
2026-04-30 02:43:09 [INFO]: Incoming Request: GET /login?error=Password%20must%20be%20at%20least%208%20characters%20long%20and%20contain%20at%20least%20one%20uppercase%20letter%2C%20one%20lowercase%20letter%2C%20one%20number%2C%20and%20one%20special%20character.
2026-04-30 02:43:22 [INFO]: Incoming Request: GET /register
2026-04-30 02:44:19 [INFO]: Incoming Request: POST /register
2026-04-30 02:44:19 [INFO]: Incoming Request: GET /login?success=Account%20created%20successfully.%20Please%20login.
2026-04-30 02:44:32 [INFO]: Incoming Request: POST /login
2026-04-30 02:44:32 [INFO]: Incoming Request: GET /student/dashboard
2026-04-30 02:44:32 [ERROR]: Server Error: Failed to lookup view "student/dashboard" in views directory "E:\PRACTICE\Exam_Portal\views" 
Stack: Error: Failed to lookup view "student/dashboard" in views directory "E:\PRACTICE\Exam_Portal\views"
    at Function.render (E:\PRACTICE\Exam_Portal\node_modules\express\lib\application.js:562:17)
    at ServerResponse.render (E:\PRACTICE\Exam_Portal\node_modules\express\lib\response.js:923:7)
    at renderDashboard (E:\PRACTICE\Exam_Portal\app\controllers\candidateController.js:46:11)
    at process.processTicksAndRejections (node:internal/process/task_queues:105:5)
2026-04-30 02:45:27 [INFO]: Incoming Request: GET /login?success=Account%20created%20successfully.%20Please%20login.
2026-04-30 02:45:28 [INFO]: Incoming Request: GET /login?success=Account%20created%20successfully.%20Please%20login.
2026-04-30 02:45:49 [INFO]: Incoming Request: POST /login
2026-04-30 02:45:49 [INFO]: Incoming Request: GET /admin/dashboard
2026-04-30 02:45:56 [INFO]: Incoming Request: GET /admin/results
2026-04-30 02:45:57 [WARN]: 404 Not Found: GET /admin/results
2026-04-30 02:45:59 [INFO]: Incoming Request: GET /admin/dashboard
2026-04-30 02:46:02 [INFO]: Incoming Request: GET /admin/users
2026-04-30 02:46:05 [INFO]: Incoming Request: GET /admin/users/edit/69f274abe2a0eed03158e871
2026-04-30 02:46:06 [ERROR]: Server Error: Failed to lookup view "admin/users/edit" in views directory "E:\PRACTICE\Exam_Portal\views" 
Stack: Error: Failed to lookup view "admin/users/edit" in views directory "E:\PRACTICE\Exam_Portal\views"
    at Function.render (E:\PRACTICE\Exam_Portal\node_modules\express\lib\application.js:562:17)
    at ServerResponse.render (E:\PRACTICE\Exam_Portal\node_modules\express\lib\response.js:923:7)
    at renderEditForm (E:\PRACTICE\Exam_Portal\app\controllers\userController.js:51:11)
    at process.processTicksAndRejections (node:internal/process/task_queues:105:5)
2026-04-30 02:46:23 [INFO]: Incoming Request: GET /admin/users
2026-04-30 02:46:26 [INFO]: Incoming Request: GET /admin/exams
2026-04-30 02:46:30 [INFO]: Incoming Request: GET /admin/users
2026-04-30 02:46:33 [INFO]: Incoming Request: GET /admin/users/create
2026-04-30 02:46:33 [ERROR]: Server Error: Failed to lookup view "admin/users/create" in views directory "E:\PRACTICE\Exam_Portal\views" 
Stack: Error: Failed to lookup view "admin/users/create" in views directory "E:\PRACTICE\Exam_Portal\views"
    at Function.render (E:\PRACTICE\Exam_Portal\node_modules\express\lib\application.js:562:17)
    at ServerResponse.render (E:\PRACTICE\Exam_Portal\node_modules\express\lib\response.js:923:7)
    at renderCreateForm (E:\PRACTICE\Exam_Portal\app\controllers\userController.js:18:11)
    at Layer.handleRequest (E:\PRACTICE\Exam_Portal\node_modules\router\lib\layer.js:152:17)
    at next (E:\PRACTICE\Exam_Portal\node_modules\router\lib\route.js:157:13)
    at Route.dispatch (E:\PRACTICE\Exam_Portal\node_modules\router\lib\route.js:117:3)
    at handle (E:\PRACTICE\Exam_Portal\node_modules\router\index.js:435:11)
    at Layer.handleRequest (E:\PRACTICE\Exam_Portal\node_modules\router\lib\layer.js:152:17)
    at E:\PRACTICE\Exam_Portal\node_modules\router\index.js:295:15
    at processParams (E:\PRACTICE\Exam_Portal\node_modules\router\index.js:582:12)
2026-04-30 02:48:31 [INFO]: Incoming Request: GET /logout
2026-04-30 02:48:31 [INFO]: Incoming Request: GET /login?success=Logged%20out%20successfully
2026-04-30 02:48:44 [INFO]: Server running on http://localhost:3000
2026-04-30 02:48:44 [INFO]: Swagger Docs available at http://localhost:3000/api-docs
2026-04-30 11:11:27 [INFO]: Server running on http://localhost:3000
2026-04-30 11:11:27 [INFO]: Swagger Docs available at http://localhost:3000/api-docs
2026-04-30 11:11:34 [INFO]: Incoming Request: GET /register
2026-04-30 11:11:34 [INFO]: Incoming Request: GET /favicon.ico
2026-04-30 11:11:34 [WARN]: 404 Not Found: GET /favicon.ico
2026-04-30 11:12:01 [INFO]: Incoming Request: GET /login
2026-04-30 11:12:06 [INFO]: Incoming Request: GET /.well-known/appspecific/com.chrome.devtools.json
2026-04-30 11:12:06 [WARN]: 404 Not Found: GET /.well-known/appspecific/com.chrome.devtools.json
2026-04-30 11:15:14 [INFO]: Incoming Request: POST /login
2026-04-30 11:15:14 [INFO]: Incoming Request: GET /login?error=Invalid%20Credentials
2026-04-30 11:18:30 [INFO]: Server running on http://localhost:3000
2026-04-30 11:18:30 [INFO]: Swagger Docs available at http://localhost:3000/api-docs
2026-04-30 12:29:45 [INFO]: Server running on http://localhost:3000
2026-04-30 12:29:45 [INFO]: Swagger Docs available at http://localhost:3000/api-docs
2026-04-30 12:29:52 [INFO]: Server running on http://localhost:3000
2026-04-30 12:29:52 [INFO]: Swagger Docs available at http://localhost:3000/api-docs
2026-04-30 12:30:02 [INFO]: Incoming Request: GET /admin/users
2026-04-30 12:30:02 [INFO]: Incoming Request: GET /login
2026-04-30 12:30:25 [INFO]: Incoming Request: POST /login
2026-04-30 12:30:25 [INFO]: Incoming Request: GET /login?error=Invalid%20Credentials
2026-04-30 12:30:28 [INFO]: Incoming Request: GET /register
2026-04-30 12:30:52 [INFO]: Incoming Request: POST /register
2026-04-30 12:30:52 [INFO]: Incoming Request: GET /login?error=Password%20must%20be%20at%20least%208%20characters%20long%20and%20contain%20at%20least%20one%20uppercase%20letter%2C%20one%20lowercase%20letter%2C%20one%20number%2C%20and%20one%20special%20character.
2026-04-30 12:30:57 [INFO]: Incoming Request: GET /register
2026-04-30 12:31:17 [INFO]: Incoming Request: POST /register
2026-04-30 12:31:17 [INFO]: Incoming Request: GET /register?error=Email%20already%20registered.%20Please%20login.
2026-04-30 12:31:22 [INFO]: Incoming Request: GET /login
2026-04-30 12:31:32 [INFO]: Incoming Request: POST /login
2026-04-30 12:31:32 [INFO]: Incoming Request: GET /admin/dashboard
2026-04-30 12:31:36 [INFO]: Incoming Request: GET /admin/exams
2026-04-30 12:31:37 [INFO]: Incoming Request: GET /admin/users
2026-04-30 12:31:46 [INFO]: Incoming Request: GET /admin/users
2026-04-30 12:31:49 [INFO]: Incoming Request: GET /admin/exams
2026-04-30 12:31:52 [INFO]: Incoming Request: GET /admin/users
2026-04-30 12:31:56 [INFO]: Incoming Request: GET /admin/users/edit/69f274abe2a0eed03158e871
2026-04-30 12:31:56 [ERROR]: Server Error: Failed to lookup view "admin/users/edit" in views directory "E:\PRACTICE\Exam_Portal\views" 
Stack: Error: Failed to lookup view "admin/users/edit" in views directory "E:\PRACTICE\Exam_Portal\views"
    at Function.render (E:\PRACTICE\Exam_Portal\node_modules\express\lib\application.js:562:17)
    at ServerResponse.render (E:\PRACTICE\Exam_Portal\node_modules\express\lib\response.js:923:7)
    at renderEditForm (E:\PRACTICE\Exam_Portal\app\controllers\userController.js:51:11)
    at process.processTicksAndRejections (node:internal/process/task_queues:105:5)
2026-04-30 12:32:26 [INFO]: Incoming Request: GET /api-docs/
2026-04-30 12:32:26 [INFO]: Incoming Request: GET /api-docs/swagger-ui-standalone-preset.js
2026-04-30 12:32:26 [INFO]: Incoming Request: GET /api-docs/swagger-ui.css
2026-04-30 12:32:26 [INFO]: Incoming Request: GET /api-docs/swagger-ui-bundle.js
2026-04-30 12:32:26 [INFO]: Incoming Request: GET /api-docs/swagger-ui-init.js
2026-04-30 12:32:30 [INFO]: Incoming Request: GET /admin/dashboard
2026-04-30 12:32:33 [INFO]: Incoming Request: GET /admin/exams/create
2026-04-30 12:32:56 [INFO]: Incoming Request: GET /admin/dashboard
2026-04-30 12:32:58 [INFO]: Incoming Request: GET /admin/users
2026-04-30 12:33:01 [INFO]: Incoming Request: GET /admin/exams
2026-04-30 12:33:03 [INFO]: Incoming Request: GET /admin/results
2026-04-30 12:33:03 [WARN]: 404 Not Found: GET /admin/results
2026-04-30 12:33:23 [INFO]: Incoming Request: GET /admin/exams/create
2026-04-30 12:33:26 [INFO]: Incoming Request: GET /admin/exams
2026-04-30 12:33:28 [INFO]: Incoming Request: GET /admin/results
2026-04-30 12:33:28 [WARN]: 404 Not Found: GET /admin/results
2026-04-30 12:33:33 [INFO]: Incoming Request: GET /admin/exams/create
2026-04-30 12:34:02 [INFO]: Incoming Request: POST /admin/exams/create
2026-04-30 12:34:02 [INFO]: Incoming Request: GET /admin/exams?success=ExamCreated
2026-04-30 12:34:05 [INFO]: Incoming Request: GET /admin/questions/exam/69f2fee2ad4ff835277fc0aa
2026-04-30 12:34:05 [ERROR]: Server Error: Failed to lookup view "admin/questions/list" in views directory "E:\PRACTICE\Exam_Portal\views" 
Stack: Error: Failed to lookup view "admin/questions/list" in views directory "E:\PRACTICE\Exam_Portal\views"
    at Function.render (E:\PRACTICE\Exam_Portal\node_modules\express\lib\application.js:562:17)
    at ServerResponse.render (E:\PRACTICE\Exam_Portal\node_modules\express\lib\response.js:923:7)
    at renderQuestionList (E:\PRACTICE\Exam_Portal\app\controllers\questionController.js:41:11)
    at process.processTicksAndRejections (node:internal/process/task_queues:105:5)
2026-04-30 12:34:13 [INFO]: Incoming Request: GET /admin/users
2026-04-30 12:34:16 [INFO]: Incoming Request: GET /admin/exams
2026-04-30 12:34:21 [INFO]: Incoming Request: GET /admin/results
2026-04-30 12:34:21 [WARN]: 404 Not Found: GET /admin/results
2026-04-30 12:34:26 [INFO]: Incoming Request: GET /admin/exams
2026-04-30 12:35:23 [INFO]: Incoming Request: GET /admin/exams/create
2026-04-30 12:35:51 [INFO]: Incoming Request: GET /admin/exams
2026-04-30 12:35:58 [INFO]: Server running on http://localhost:3000
2026-04-30 12:35:58 [INFO]: Swagger Docs available at http://localhost:3000/api-docs
2026-04-30 12:41:31 [INFO]: Server running on http://localhost:3000
2026-04-30 12:41:31 [INFO]: Swagger Docs available at http://localhost:3000/api-docs
2026-04-30 12:41:32 [INFO]: Incoming Request: GET /register
2026-04-30 12:42:22 [INFO]: Incoming Request: POST /register
2026-04-30 12:42:22 [INFO]: Incoming Request: GET /login?error=Password%20must%20be%20at%20least%208%20characters%20long%20and%20contain%20at%20least%20one%20uppercase%20letter%2C%20one%20lowercase%20letter%2C%20one%20number%2C%20and%20one%20special%20character.
2026-04-30 12:42:27 [INFO]: Incoming Request: GET /register
2026-04-30 12:43:01 [INFO]: Incoming Request: POST /register
2026-04-30 12:43:01 [INFO]: Incoming Request: GET /login?success=Account%20created%20successfully.%20Please%20login.
2026-04-30 12:43:12 [INFO]: Incoming Request: POST /login
2026-04-30 12:43:13 [INFO]: Incoming Request: GET /student/dashboard
2026-04-30 12:43:13 [ERROR]: Server Error: Failed to lookup view "student/dashboard" in views directory "E:\PRACTICE\Exam_Portal\views" 
Stack: Error: Failed to lookup view "student/dashboard" in views directory "E:\PRACTICE\Exam_Portal\views"
    at Function.render (E:\PRACTICE\Exam_Portal\node_modules\express\lib\application.js:562:17)
    at ServerResponse.render (E:\PRACTICE\Exam_Portal\node_modules\express\lib\response.js:923:7)
    at renderDashboard (E:\PRACTICE\Exam_Portal\app\controllers\candidateController.js:46:11)
    at process.processTicksAndRejections (node:internal/process/task_queues:105:5)
2026-04-30 12:43:29 [INFO]: Incoming Request: GET /admin/exams?success=ExamCreated
2026-04-30 12:43:35 [INFO]: Incoming Request: GET /admin/exams/create
2026-04-30 12:43:41 [INFO]: Incoming Request: GET /admin/exams/create
2026-04-30 12:44:13 [INFO]: Incoming Request: GET /admin/questions/exam/69f2fee2ad4ff835277fc0aa
2026-04-30 12:44:17 [INFO]: Incoming Request: GET /admin/exams
2026-04-30 12:45:19 [INFO]: Server running on http://localhost:3000
2026-04-30 12:45:19 [INFO]: Swagger Docs available at http://localhost:3000/api-docs
2026-04-30 12:46:51 [INFO]: Server running on http://localhost:3000
2026-04-30 12:46:51 [INFO]: Swagger Docs available at http://localhost:3000/api-docs
2026-04-30 12:46:57 [INFO]: Incoming Request: GET /student/dashboard
2026-04-30 12:47:01 [INFO]: Incoming Request: GET /admin/exams
2026-04-30 12:47:07 [INFO]: Incoming Request: GET /admin/dashboard
2026-04-30 12:47:21 [INFO]: Incoming Request: GET /admin/users
2026-04-30 12:47:41 [INFO]: Incoming Request: POST /login
2026-04-30 12:47:41 [INFO]: Incoming Request: GET /student/dashboard
2026-04-30 12:47:55 [INFO]: Incoming Request: GET /login
2026-04-30 12:48:08 [INFO]: Incoming Request: POST /login
2026-04-30 12:48:08 [INFO]: Incoming Request: GET /admin/dashboard
2026-04-30 12:48:12 [INFO]: Incoming Request: GET /student/dashboard
2026-04-30 12:48:30 [INFO]: Incoming Request: GET /student/dashboard
2026-04-30 12:48:33 [INFO]: Incoming Request: GET /admin/dashboard
2026-04-30 12:49:18 [INFO]: Server running on http://localhost:3000
2026-04-30 12:49:18 [INFO]: Swagger Docs available at http://localhost:3000/api-docs
