2026-04-26 01:21:10 [INFO]: Server running on http://localhost:3000
2026-04-26 01:21:10 [INFO]: Swagger Docs available at http://localhost:3000/api-docs
2026-04-26 01:21:12 [INFO]: Incoming Request: GET /api-docs
2026-04-26 01:21:12 [INFO]: Incoming Request: GET /api-docs/
2026-04-26 01:21:12 [INFO]: Incoming Request: GET /api-docs/swagger-ui.css
2026-04-26 01:21:12 [INFO]: Incoming Request: GET /api-docs/swagger-ui-standalone-preset.js
2026-04-26 01:21:12 [INFO]: Incoming Request: GET /api-docs/swagger-ui-bundle.js
2026-04-26 01:21:12 [INFO]: Incoming Request: GET /api-docs/swagger-ui-init.js
2026-04-26 01:21:12 [INFO]: Incoming Request: GET /api-docs/favicon-32x32.png
2026-04-26 01:23:47 [INFO]: Server running on http://localhost:3000
2026-04-26 01:23:47 [INFO]: Swagger Docs available at http://localhost:3000/api-docs
2026-04-26 01:23:54 [INFO]: Server running on http://localhost:3000
2026-04-26 01:23:54 [INFO]: Swagger Docs available at http://localhost:3000/api-docs
2026-04-26 01:23:59 [INFO]: Server running on http://localhost:3000
2026-04-26 01:23:59 [INFO]: Swagger Docs available at http://localhost:3000/api-docs
2026-04-26 01:24:01 [INFO]: Server running on http://localhost:3000
2026-04-26 01:24:01 [INFO]: Swagger Docs available at http://localhost:3000/api-docs
2026-04-26 01:24:06 [INFO]: Server running on http://localhost:3000
2026-04-26 01:24:06 [INFO]: Swagger Docs available at http://localhost:3000/api-docs
2026-04-26 01:24:11 [INFO]: Server running on http://localhost:3000
2026-04-26 01:24:11 [INFO]: Swagger Docs available at http://localhost:3000/api-docs
2026-04-26 01:26:43 [INFO]: Server running on http://localhost:3000
2026-04-26 01:26:43 [INFO]: Swagger Docs available at http://localhost:3000/api-docs
2026-04-26 01:26:48 [INFO]: Server running on http://localhost:3000
2026-04-26 01:26:48 [INFO]: Swagger Docs available at http://localhost:3000/api-docs
2026-04-26 01:26:53 [INFO]: Server running on http://localhost:3000
2026-04-26 01:26:53 [INFO]: Swagger Docs available at http://localhost:3000/api-docs
2026-04-26 01:26:58 [INFO]: Server running on http://localhost:3000
2026-04-26 01:26:58 [INFO]: Swagger Docs available at http://localhost:3000/api-docs
2026-04-26 01:26:59 [INFO]: Server running on http://localhost:3000
2026-04-26 01:26:59 [INFO]: Swagger Docs available at http://localhost:3000/api-docs
2026-04-26 01:27:01 [INFO]: Server running on http://localhost:3000
2026-04-26 01:27:01 [INFO]: Swagger Docs available at http://localhost:3000/api-docs
2026-04-26 01:32:53 [INFO]: Server running on http://localhost:3000
2026-04-26 01:32:53 [INFO]: Swagger Docs available at http://localhost:3000/api-docs
2026-04-26 01:32:55 [INFO]: Server running on http://localhost:3000
2026-04-26 01:32:55 [INFO]: Swagger Docs available at http://localhost:3000/api-docs
2026-04-26 01:32:59 [INFO]: Server running on http://localhost:3000
2026-04-26 01:32:59 [INFO]: Swagger Docs available at http://localhost:3000/api-docs
2026-04-26 01:34:01 [INFO]: Server running on http://localhost:3000
2026-04-26 01:34:01 [INFO]: Swagger Docs available at http://localhost:3000/api-docs
2026-04-26 01:52:10 [INFO]: Server running on http://localhost:3000
2026-04-26 01:52:10 [INFO]: Swagger Docs available at http://localhost:3000/api-docs
2026-04-26 01:52:12 [INFO]: Server running on http://localhost:3000
2026-04-26 01:52:12 [INFO]: Swagger Docs available at http://localhost:3000/api-docs
2026-04-26 01:52:15 [INFO]: Server running on http://localhost:3000
2026-04-26 01:52:15 [INFO]: Swagger Docs available at http://localhost:3000/api-docs
2026-04-26 01:52:20 [INFO]: Server running on http://localhost:3000
2026-04-26 01:52:20 [INFO]: Swagger Docs available at http://localhost:3000/api-docs
2026-04-26 01:52:23 [INFO]: Server running on http://localhost:3000
2026-04-26 01:52:23 [INFO]: Swagger Docs available at http://localhost:3000/api-docs
2026-04-26 01:52:25 [INFO]: Server running on http://localhost:3000
2026-04-26 01:52:25 [INFO]: Swagger Docs available at http://localhost:3000/api-docs
2026-04-26 01:52:30 [INFO]: Server running on http://localhost:3000
2026-04-26 01:52:30 [INFO]: Swagger Docs available at http://localhost:3000/api-docs
2026-04-26 01:52:32 [INFO]: Server running on http://localhost:3000
2026-04-26 01:52:32 [INFO]: Swagger Docs available at http://localhost:3000/api-docs
2026-04-26 01:52:37 [INFO]: Server running on http://localhost:3000
2026-04-26 01:52:37 [INFO]: Swagger Docs available at http://localhost:3000/api-docs
2026-04-26 01:53:18 [INFO]: Server running on http://localhost:3000
2026-04-26 01:53:18 [INFO]: Swagger Docs available at http://localhost:3000/api-docs
2026-04-26 01:54:53 [INFO]: Server running on http://localhost:3000
2026-04-26 01:54:53 [INFO]: Swagger Docs available at http://localhost:3000/api-docs
2026-04-26 02:00:40 [INFO]: Server running on http://localhost:3000
2026-04-26 02:00:40 [INFO]: Swagger Docs available at http://localhost:3000/api-docs
2026-04-26 02:00:41 [INFO]: Server running on http://localhost:3000
2026-04-26 02:00:41 [INFO]: Swagger Docs available at http://localhost:3000/api-docs
2026-04-26 02:00:44 [INFO]: Server running on http://localhost:3000
2026-04-26 02:00:44 [INFO]: Swagger Docs available at http://localhost:3000/api-docs
2026-04-26 02:00:47 [INFO]: Server running on http://localhost:3000
2026-04-26 02:00:47 [INFO]: Swagger Docs available at http://localhost:3000/api-docs
2026-04-26 02:05:46 [INFO]: Server running on http://localhost:3000
2026-04-26 02:05:46 [INFO]: Swagger Docs available at http://localhost:3000/api-docs
2026-04-26 02:06:02 [INFO]: Server running on http://localhost:3000
2026-04-26 02:06:02 [INFO]: Swagger Docs available at http://localhost:3000/api-docs
2026-04-26 02:06:07 [INFO]: Server running on http://localhost:3000
2026-04-26 02:06:07 [INFO]: Swagger Docs available at http://localhost:3000/api-docs
2026-04-26 02:06:11 [INFO]: Server running on http://localhost:3000
2026-04-26 02:06:11 [INFO]: Swagger Docs available at http://localhost:3000/api-docs
2026-04-26 02:06:14 [INFO]: Server running on http://localhost:3000
2026-04-26 02:06:14 [INFO]: Swagger Docs available at http://localhost:3000/api-docs
2026-04-26 02:10:54 [INFO]: Server running on http://localhost:3000
2026-04-26 02:10:54 [INFO]: Swagger Docs available at http://localhost:3000/api-docs
2026-04-26 02:10:59 [INFO]: Server running on http://localhost:3000
2026-04-26 02:10:59 [INFO]: Swagger Docs available at http://localhost:3000/api-docs
2026-04-26 02:11:12 [INFO]: Server running on http://localhost:3000
2026-04-26 02:11:12 [INFO]: Swagger Docs available at http://localhost:3000/api-docs
2026-04-26 02:11:17 [INFO]: Server running on http://localhost:3000
2026-04-26 02:11:17 [INFO]: Swagger Docs available at http://localhost:3000/api-docs
2026-04-26 02:13:29 [INFO]: Server running on http://localhost:3000
2026-04-26 02:13:29 [INFO]: Swagger Docs available at http://localhost:3000/api-docs
2026-04-26 02:13:31 [INFO]: Server running on http://localhost:3000
2026-04-26 02:13:31 [INFO]: Swagger Docs available at http://localhost:3000/api-docs
2026-04-26 02:13:44 [INFO]: Server running on http://localhost:3000
2026-04-26 02:13:44 [INFO]: Swagger Docs available at http://localhost:3000/api-docs
2026-04-26 02:13:52 [INFO]: Server running on http://localhost:3000
2026-04-26 02:13:52 [INFO]: Swagger Docs available at http://localhost:3000/api-docs
2026-04-26 02:14:15 [INFO]: Server running on http://localhost:3000
2026-04-26 02:14:15 [INFO]: Swagger Docs available at http://localhost:3000/api-docs
2026-04-26 02:14:20 [INFO]: Server running on http://localhost:3000
2026-04-26 02:14:20 [INFO]: Swagger Docs available at http://localhost:3000/api-docs
2026-04-26 02:14:27 [INFO]: Server running on http://localhost:3000
2026-04-26 02:14:27 [INFO]: Swagger Docs available at http://localhost:3000/api-docs
2026-04-26 02:14:32 [INFO]: Server running on http://localhost:3000
2026-04-26 02:14:32 [INFO]: Swagger Docs available at http://localhost:3000/api-docs
2026-04-26 02:14:37 [INFO]: Server running on http://localhost:3000
2026-04-26 02:14:37 [INFO]: Swagger Docs available at http://localhost:3000/api-docs
2026-04-26 02:28:10 [INFO]: Server running on http://localhost:3000
2026-04-26 02:28:10 [INFO]: Swagger Docs available at http://localhost:3000/api-docs
2026-04-26 02:28:12 [INFO]: Server running on http://localhost:3000
2026-04-26 02:28:12 [INFO]: Swagger Docs available at http://localhost:3000/api-docs
2026-04-26 02:28:19 [INFO]: Server running on http://localhost:3000
2026-04-26 02:28:19 [INFO]: Swagger Docs available at http://localhost:3000/api-docs
2026-04-26 02:28:21 [INFO]: Server running on http://localhost:3000
2026-04-26 02:28:21 [INFO]: Swagger Docs available at http://localhost:3000/api-docs
2026-04-26 02:30:29 [INFO]: Server running on http://localhost:3000
2026-04-26 02:30:29 [INFO]: Swagger Docs available at http://localhost:3000/api-docs
2026-04-26 02:31:32 [INFO]: Server running on http://localhost:3000
2026-04-26 02:31:32 [INFO]: Swagger Docs available at http://localhost:3000/api-docs
2026-04-26 02:31:34 [INFO]: Server running on http://localhost:3000
2026-04-26 02:31:34 [INFO]: Swagger Docs available at http://localhost:3000/api-docs
2026-04-26 02:31:38 [INFO]: Server running on http://localhost:3000
2026-04-26 02:31:38 [INFO]: Swagger Docs available at http://localhost:3000/api-docs
2026-04-26 02:31:57 [INFO]: Server running on http://localhost:3000
2026-04-26 02:31:57 [INFO]: Swagger Docs available at http://localhost:3000/api-docs
2026-04-26 02:32:00 [INFO]: Server running on http://localhost:3000
2026-04-26 02:32:00 [INFO]: Swagger Docs available at http://localhost:3000/api-docs
2026-04-26 02:33:30 [INFO]: Server running on http://localhost:3000
2026-04-26 02:33:30 [INFO]: Swagger Docs available at http://localhost:3000/api-docs
2026-04-26 02:33:34 [INFO]: Server running on http://localhost:3000
2026-04-26 02:33:34 [INFO]: Swagger Docs available at http://localhost:3000/api-docs
2026-04-26 02:33:54 [INFO]: Server running on http://localhost:3000
2026-04-26 02:33:54 [INFO]: Swagger Docs available at http://localhost:3000/api-docs
2026-04-26 02:34:05 [INFO]: Server running on http://localhost:3000
2026-04-26 02:34:05 [INFO]: Swagger Docs available at http://localhost:3000/api-docs
2026-04-26 02:34:06 [INFO]: Server running on http://localhost:3000
2026-04-26 02:34:06 [INFO]: Swagger Docs available at http://localhost:3000/api-docs
2026-04-26 02:36:26 [INFO]: Server running on http://localhost:3000
2026-04-26 02:36:26 [INFO]: Swagger Docs available at http://localhost:3000/api-docs
2026-04-26 02:36:27 [INFO]: Server running on http://localhost:3000
2026-04-26 02:36:27 [INFO]: Swagger Docs available at http://localhost:3000/api-docs
2026-04-26 02:36:31 [INFO]: Server running on http://localhost:3000
2026-04-26 02:36:31 [INFO]: Swagger Docs available at http://localhost:3000/api-docs
2026-04-26 02:36:35 [INFO]: Server running on http://localhost:3000
2026-04-26 02:36:35 [INFO]: Swagger Docs available at http://localhost:3000/api-docs
2026-04-26 02:36:38 [INFO]: Server running on http://localhost:3000
2026-04-26 02:36:38 [INFO]: Swagger Docs available at http://localhost:3000/api-docs
2026-04-26 02:36:43 [INFO]: Server running on http://localhost:3000
2026-04-26 02:36:43 [INFO]: Swagger Docs available at http://localhost:3000/api-docs
2026-04-26 02:36:45 [INFO]: Server running on http://localhost:3000
2026-04-26 02:36:45 [INFO]: Swagger Docs available at http://localhost:3000/api-docs
2026-04-26 02:36:51 [INFO]: Server running on http://localhost:3000
2026-04-26 02:36:51 [INFO]: Swagger Docs available at http://localhost:3000/api-docs
2026-04-26 02:45:58 [INFO]: Server running on http://localhost:3000
2026-04-26 02:45:58 [INFO]: Swagger Docs available at http://localhost:3000/api-docs
2026-04-26 02:46:00 [INFO]: Server running on http://localhost:3000
2026-04-26 02:46:00 [INFO]: Swagger Docs available at http://localhost:3000/api-docs
2026-04-26 02:46:10 [INFO]: Server running on http://localhost:3000
2026-04-26 02:46:10 [INFO]: Swagger Docs available at http://localhost:3000/api-docs
2026-04-26 02:46:15 [INFO]: Server running on http://localhost:3000
2026-04-26 02:46:15 [INFO]: Swagger Docs available at http://localhost:3000/api-docs
2026-04-26 02:46:20 [INFO]: Server running on http://localhost:3000
2026-04-26 02:46:20 [INFO]: Swagger Docs available at http://localhost:3000/api-docs
2026-04-26 02:46:28 [INFO]: Server running on http://localhost:3000
2026-04-26 02:46:28 [INFO]: Swagger Docs available at http://localhost:3000/api-docs
2026-04-26 02:46:29 [INFO]: Server running on http://localhost:3000
2026-04-26 02:46:29 [INFO]: Swagger Docs available at http://localhost:3000/api-docs
2026-04-26 02:46:33 [INFO]: Server running on http://localhost:3000
2026-04-26 02:46:33 [INFO]: Swagger Docs available at http://localhost:3000/api-docs
2026-04-26 02:46:35 [INFO]: Server running on http://localhost:3000
2026-04-26 02:46:35 [INFO]: Swagger Docs available at http://localhost:3000/api-docs
2026-04-26 02:46:38 [INFO]: Server running on http://localhost:3000
2026-04-26 02:46:38 [INFO]: Swagger Docs available at http://localhost:3000/api-docs
2026-04-26 02:47:04 [INFO]: Server running on http://localhost:3000
2026-04-26 02:47:04 [INFO]: Swagger Docs available at http://localhost:3000/api-docs
2026-04-26 02:47:11 [INFO]: Server running on http://localhost:3000
2026-04-26 02:47:11 [INFO]: Swagger Docs available at http://localhost:3000/api-docs
2026-04-26 02:47:14 [INFO]: Server running on http://localhost:3000
2026-04-26 02:47:14 [INFO]: Swagger Docs available at http://localhost:3000/api-docs
2026-04-26 02:47:17 [INFO]: Server running on http://localhost:3000
2026-04-26 02:47:17 [INFO]: Swagger Docs available at http://localhost:3000/api-docs
2026-04-26 02:47:22 [INFO]: Server running on http://localhost:3000
2026-04-26 02:47:22 [INFO]: Swagger Docs available at http://localhost:3000/api-docs
2026-04-26 02:47:24 [INFO]: Server running on http://localhost:3000
2026-04-26 02:47:24 [INFO]: Swagger Docs available at http://localhost:3000/api-docs
2026-04-26 02:48:20 [INFO]: Server running on http://localhost:3000
2026-04-26 02:48:20 [INFO]: Swagger Docs available at http://localhost:3000/api-docs
2026-04-26 02:48:22 [INFO]: Server running on http://localhost:3000
2026-04-26 02:48:22 [INFO]: Swagger Docs available at http://localhost:3000/api-docs
2026-04-26 02:48:31 [INFO]: Server running on http://localhost:3000
2026-04-26 02:48:31 [INFO]: Swagger Docs available at http://localhost:3000/api-docs
2026-04-26 02:48:33 [INFO]: Server running on http://localhost:3000
2026-04-26 02:48:33 [INFO]: Swagger Docs available at http://localhost:3000/api-docs
2026-04-26 02:48:36 [INFO]: Server running on http://localhost:3000
2026-04-26 02:48:36 [INFO]: Swagger Docs available at http://localhost:3000/api-docs
2026-04-26 02:49:58 [INFO]: Server running on http://localhost:3000
2026-04-26 02:49:58 [INFO]: Swagger Docs available at http://localhost:3000/api-docs
2026-04-26 02:50:15 [INFO]: Server running on http://localhost:3000
2026-04-26 02:50:15 [INFO]: Swagger Docs available at http://localhost:3000/api-docs
2026-04-26 02:50:49 [INFO]: Server running on http://localhost:3000
2026-04-26 02:50:49 [INFO]: Swagger Docs available at http://localhost:3000/api-docs
2026-04-26 02:51:06 [INFO]: Server running on http://localhost:3000
2026-04-26 02:51:07 [INFO]: Swagger Docs available at http://localhost:3000/api-docs
2026-04-26 02:51:13 [INFO]: Server running on http://localhost:3000
2026-04-26 02:51:13 [INFO]: Swagger Docs available at http://localhost:3000/api-docs
2026-04-26 02:56:16 [INFO]: Server running on http://localhost:3000
2026-04-26 02:56:16 [INFO]: Swagger Docs available at http://localhost:3000/api-docs
2026-04-26 02:56:17 [INFO]: Server running on http://localhost:3000
2026-04-26 02:56:17 [INFO]: Swagger Docs available at http://localhost:3000/api-docs
2026-04-26 02:56:22 [INFO]: Server running on http://localhost:3000
2026-04-26 02:56:22 [INFO]: Swagger Docs available at http://localhost:3000/api-docs
2026-04-26 02:56:29 [INFO]: Server running on http://localhost:3000
2026-04-26 02:56:29 [INFO]: Swagger Docs available at http://localhost:3000/api-docs
2026-04-26 02:56:32 [INFO]: Server running on http://localhost:3000
2026-04-26 02:56:32 [INFO]: Swagger Docs available at http://localhost:3000/api-docs
2026-04-26 02:56:36 [INFO]: Server running on http://localhost:3000
2026-04-26 02:56:36 [INFO]: Swagger Docs available at http://localhost:3000/api-docs
2026-04-26 03:40:00 [INFO]: Server running on http://localhost:3000
2026-04-26 03:40:00 [INFO]: Swagger Docs available at http://localhost:3000/api-docs
2026-04-26 03:40:05 [INFO]: Server running on http://localhost:3000
2026-04-26 03:40:05 [INFO]: Swagger Docs available at http://localhost:3000/api-docs
2026-04-26 03:40:09 [INFO]: Server running on http://localhost:3000
2026-04-26 03:40:09 [INFO]: Swagger Docs available at http://localhost:3000/api-docs
2026-04-26 03:43:53 [INFO]: Server running on http://localhost:3000
2026-04-26 03:43:53 [INFO]: Swagger Docs available at http://localhost:3000/api-docs
2026-04-26 03:43:55 [INFO]: Server running on http://localhost:3000
2026-04-26 03:43:55 [INFO]: Swagger Docs available at http://localhost:3000/api-docs
2026-04-26 03:44:00 [INFO]: Server running on http://localhost:3000
2026-04-26 03:44:00 [INFO]: Swagger Docs available at http://localhost:3000/api-docs
2026-04-26 03:44:06 [INFO]: Server running on http://localhost:3000
2026-04-26 03:44:06 [INFO]: Swagger Docs available at http://localhost:3000/api-docs
2026-04-26 03:44:43 [INFO]: Server running on http://localhost:3000
2026-04-26 03:44:43 [INFO]: Swagger Docs available at http://localhost:3000/api-docs
2026-04-26 03:44:46 [INFO]: Server running on http://localhost:3000
2026-04-26 03:44:46 [INFO]: Swagger Docs available at http://localhost:3000/api-docs
2026-04-26 03:44:54 [INFO]: Server running on http://localhost:3000
2026-04-26 03:44:54 [INFO]: Swagger Docs available at http://localhost:3000/api-docs
2026-04-26 03:44:59 [INFO]: Server running on http://localhost:3000
2026-04-26 03:44:59 [INFO]: Swagger Docs available at http://localhost:3000/api-docs
2026-04-26 03:45:06 [INFO]: Server running on http://localhost:3000
2026-04-26 03:45:06 [INFO]: Swagger Docs available at http://localhost:3000/api-docs
2026-04-26 03:48:04 [INFO]: Server running on http://localhost:3000
2026-04-26 03:48:04 [INFO]: Swagger Docs available at http://localhost:3000/api-docs
2026-04-26 04:57:54 [INFO]: Server running on http://localhost:3000
2026-04-26 04:57:54 [INFO]: Swagger Docs available at http://localhost:3000/api-docs
2026-04-26 04:58:33 [INFO]: Server running on http://localhost:3000
2026-04-26 04:58:33 [INFO]: Swagger Docs available at http://localhost:3000/api-docs
2026-04-26 04:58:35 [INFO]: Server running on http://localhost:3000
2026-04-26 04:58:35 [INFO]: Swagger Docs available at http://localhost:3000/api-docs
2026-04-26 04:58:38 [INFO]: Server running on http://localhost:3000
2026-04-26 04:58:38 [INFO]: Swagger Docs available at http://localhost:3000/api-docs
2026-04-26 04:58:40 [INFO]: Server running on http://localhost:3000
2026-04-26 04:58:40 [INFO]: Swagger Docs available at http://localhost:3000/api-docs
2026-04-26 04:58:46 [INFO]: Server running on http://localhost:3000
2026-04-26 04:58:46 [INFO]: Swagger Docs available at http://localhost:3000/api-docs
2026-04-26 04:59:59 [INFO]: Server running on http://localhost:3000
2026-04-26 04:59:59 [INFO]: Swagger Docs available at http://localhost:3000/api-docs
2026-04-26 05:00:11 [INFO]: Server running on http://localhost:3000
2026-04-26 05:00:11 [INFO]: Swagger Docs available at http://localhost:3000/api-docs
2026-04-26 05:00:13 [INFO]: Server running on http://localhost:3000
2026-04-26 05:00:13 [INFO]: Swagger Docs available at http://localhost:3000/api-docs
2026-04-26 05:00:17 [INFO]: Server running on http://localhost:3000
2026-04-26 05:00:17 [INFO]: Swagger Docs available at http://localhost:3000/api-docs
2026-04-26 05:00:22 [INFO]: Server running on http://localhost:3000
2026-04-26 05:00:22 [INFO]: Swagger Docs available at http://localhost:3000/api-docs
2026-04-26 05:00:26 [INFO]: Server running on http://localhost:3000
2026-04-26 05:00:26 [INFO]: Swagger Docs available at http://localhost:3000/api-docs
2026-04-26 05:03:54 [INFO]: Server running on http://localhost:3000
2026-04-26 05:03:54 [INFO]: Swagger Docs available at http://localhost:3000/api-docs
