2026-04-30 02:22:20 [ERROR]: Server Error: Failed to lookup view "student/dashboard" in views directory "E:\PRACTICE\Exam_Portal\views" 
Stack: Error: Failed to lookup view "student/dashboard" in views directory "E:\PRACTICE\Exam_Portal\views"
    at Function.render (E:\PRACTICE\Exam_Portal\node_modules\express\lib\application.js:562:17)
    at ServerResponse.render (E:\PRACTICE\Exam_Portal\node_modules\express\lib\response.js:923:7)
    at renderDashboard (E:\PRACTICE\Exam_Portal\app\controllers\candidateController.js:46:11)
    at process.processTicksAndRejections (node:internal/process/task_queues:105:5)
2026-04-30 02:44:32 [ERROR]: Server Error: Failed to lookup view "student/dashboard" in views directory "E:\PRACTICE\Exam_Portal\views" 
Stack: Error: Failed to lookup view "student/dashboard" in views directory "E:\PRACTICE\Exam_Portal\views"
    at Function.render (E:\PRACTICE\Exam_Portal\node_modules\express\lib\application.js:562:17)
    at ServerResponse.render (E:\PRACTICE\Exam_Portal\node_modules\express\lib\response.js:923:7)
    at renderDashboard (E:\PRACTICE\Exam_Portal\app\controllers\candidateController.js:46:11)
    at process.processTicksAndRejections (node:internal/process/task_queues:105:5)
2026-04-30 02:46:06 [ERROR]: Server Error: Failed to lookup view "admin/users/edit" in views directory "E:\PRACTICE\Exam_Portal\views" 
Stack: Error: Failed to lookup view "admin/users/edit" in views directory "E:\PRACTICE\Exam_Portal\views"
    at Function.render (E:\PRACTICE\Exam_Portal\node_modules\express\lib\application.js:562:17)
    at ServerResponse.render (E:\PRACTICE\Exam_Portal\node_modules\express\lib\response.js:923:7)
    at renderEditForm (E:\PRACTICE\Exam_Portal\app\controllers\userController.js:51:11)
    at process.processTicksAndRejections (node:internal/process/task_queues:105:5)
2026-04-30 02:46:33 [ERROR]: Server Error: Failed to lookup view "admin/users/create" in views directory "E:\PRACTICE\Exam_Portal\views" 
Stack: Error: Failed to lookup view "admin/users/create" in views directory "E:\PRACTICE\Exam_Portal\views"
    at Function.render (E:\PRACTICE\Exam_Portal\node_modules\express\lib\application.js:562:17)
    at ServerResponse.render (E:\PRACTICE\Exam_Portal\node_modules\express\lib\response.js:923:7)
    at renderCreateForm (E:\PRACTICE\Exam_Portal\app\controllers\userController.js:18:11)
    at Layer.handleRequest (E:\PRACTICE\Exam_Portal\node_modules\router\lib\layer.js:152:17)
    at next (E:\PRACTICE\Exam_Portal\node_modules\router\lib\route.js:157:13)
    at Route.dispatch (E:\PRACTICE\Exam_Portal\node_modules\router\lib\route.js:117:3)
    at handle (E:\PRACTICE\Exam_Portal\node_modules\router\index.js:435:11)
    at Layer.handleRequest (E:\PRACTICE\Exam_Portal\node_modules\router\lib\layer.js:152:17)
    at E:\PRACTICE\Exam_Portal\node_modules\router\index.js:295:15
    at processParams (E:\PRACTICE\Exam_Portal\node_modules\router\index.js:582:12)
2026-04-30 12:31:56 [ERROR]: Server Error: Failed to lookup view "admin/users/edit" in views directory "E:\PRACTICE\Exam_Portal\views" 
Stack: Error: Failed to lookup view "admin/users/edit" in views directory "E:\PRACTICE\Exam_Portal\views"
    at Function.render (E:\PRACTICE\Exam_Portal\node_modules\express\lib\application.js:562:17)
    at ServerResponse.render (E:\PRACTICE\Exam_Portal\node_modules\express\lib\response.js:923:7)
    at renderEditForm (E:\PRACTICE\Exam_Portal\app\controllers\userController.js:51:11)
    at process.processTicksAndRejections (node:internal/process/task_queues:105:5)
2026-04-30 12:34:05 [ERROR]: Server Error: Failed to lookup view "admin/questions/list" in views directory "E:\PRACTICE\Exam_Portal\views" 
Stack: Error: Failed to lookup view "admin/questions/list" in views directory "E:\PRACTICE\Exam_Portal\views"
    at Function.render (E:\PRACTICE\Exam_Portal\node_modules\express\lib\application.js:562:17)
    at ServerResponse.render (E:\PRACTICE\Exam_Portal\node_modules\express\lib\response.js:923:7)
    at renderQuestionList (E:\PRACTICE\Exam_Portal\app\controllers\questionController.js:41:11)
    at process.processTicksAndRejections (node:internal/process/task_queues:105:5)
2026-04-30 12:43:13 [ERROR]: Server Error: Failed to lookup view "student/dashboard" in views directory "E:\PRACTICE\Exam_Portal\views" 
Stack: Error: Failed to lookup view "student/dashboard" in views directory "E:\PRACTICE\Exam_Portal\views"
    at Function.render (E:\PRACTICE\Exam_Portal\node_modules\express\lib\application.js:562:17)
    at ServerResponse.render (E:\PRACTICE\Exam_Portal\node_modules\express\lib\response.js:923:7)
    at renderDashboard (E:\PRACTICE\Exam_Portal\app\controllers\candidateController.js:46:11)
    at process.processTicksAndRejections (node:internal/process/task_queues:105:5)
