2026-04-29 03:07:49 [ERROR]: Server Error: E:\PRACTICE\Exam_Portal\views\admin\users\list.ejs:5
    3|     <div class="container-fluid">
    4|         <div class="row">
 >> 5|             <%- include('../../layouts/sidebar') %>
    6| 
    7|                 <main class="col-md-9 ms-sm-auto col-lg-10 px-md-4 bg-light" style="min-height: 100vh;">
    8|                     <%- include('../../layouts/navbar') %>

E:\PRACTICE\Exam_Portal\views\layouts\sidebar.ejs:14
    12|             </li>
    13| 
 >> 14|             <% if(user && user.role==='SuperAdmin' ) { %>
    15|                 <li class="nav-item">
    16|                     <a class="nav-link text-light rounded hover-bg-primary" href="/admin/users">
    17|                         <i class="bi bi-people-fill me-2"></i> Manage Users

user is not defined 
Stack: ReferenceError: E:\PRACTICE\Exam_Portal\views\admin\users\list.ejs:5
    3|     <div class="container-fluid">
    4|         <div class="row">
 >> 5|             <%- include('../../layouts/sidebar') %>
    6| 
    7|                 <main class="col-md-9 ms-sm-auto col-lg-10 px-md-4 bg-light" style="min-height: 100vh;">
    8|                     <%- include('../../layouts/navbar') %>

E:\PRACTICE\Exam_Portal\views\layouts\sidebar.ejs:14
    12|             </li>
    13| 
 >> 14|             <% if(user && user.role==='SuperAdmin' ) { %>
    15|                 <li class="nav-item">
    16|                     <a class="nav-link text-light rounded hover-bg-primary" href="/admin/users">
    17|                         <i class="bi bi-people-fill me-2"></i> Manage Users

user is not defined
    at eval ("E:\\PRACTICE\\Exam_Portal\\views\\layouts\\sidebar.ejs":12:8)
    at sidebar (E:\PRACTICE\Exam_Portal\node_modules\ejs\lib\cjs\ejs.js:632:23)
    at include (E:\PRACTICE\Exam_Portal\node_modules\ejs\lib\cjs\ejs.js:630:47)
    at eval ("E:\\PRACTICE\\Exam_Portal\\views\\admin\\users\\list.ejs":13:17)
    at list (E:\PRACTICE\Exam_Portal\node_modules\ejs\lib\cjs\ejs.js:632:23)
    at tryHandleCache (E:\PRACTICE\Exam_Portal\node_modules\ejs\lib\cjs\ejs.js:253:42)
    at ejs.renderFile [as engine] (E:\PRACTICE\Exam_Portal\node_modules\ejs\lib\cjs\ejs.js:444:12)
    at View.render (E:\PRACTICE\Exam_Portal\node_modules\express\lib\view.js:139:8)
    at tryRender (E:\PRACTICE\Exam_Portal\node_modules\express\lib\application.js:627:10)
    at Function.render (E:\PRACTICE\Exam_Portal\node_modules\express\lib\application.js:574:3)
2026-04-29 03:13:03 [ERROR]: Server Error: E:\PRACTICE\Exam_Portal\views\admin\users\list.ejs:5
    3|     <div class="container-fluid">
    4|         <div class="row">
 >> 5|             <%- include('../../layouts/sidebar') %>
    6| 
    7|                 <main class="col-md-9 ms-sm-auto col-lg-10 px-md-4 bg-light" style="min-height: 100vh;">
    8|                     <%- include('../../layouts/navbar') %>

E:\PRACTICE\Exam_Portal\views\layouts\sidebar.ejs:14
    12|             </li>
    13| 
 >> 14|             <% if(user && user.role==='SuperAdmin' ) { %>
    15|                 <li class="nav-item">
    16|                     <a class="nav-link text-light rounded hover-bg-primary" href="/admin/users">
    17|                         <i class="bi bi-people-fill me-2"></i> Manage Users

user is not defined 
Stack: ReferenceError: E:\PRACTICE\Exam_Portal\views\admin\users\list.ejs:5
    3|     <div class="container-fluid">
    4|         <div class="row">
 >> 5|             <%- include('../../layouts/sidebar') %>
    6| 
    7|                 <main class="col-md-9 ms-sm-auto col-lg-10 px-md-4 bg-light" style="min-height: 100vh;">
    8|                     <%- include('../../layouts/navbar') %>

E:\PRACTICE\Exam_Portal\views\layouts\sidebar.ejs:14
    12|             </li>
    13| 
 >> 14|             <% if(user && user.role==='SuperAdmin' ) { %>
    15|                 <li class="nav-item">
    16|                     <a class="nav-link text-light rounded hover-bg-primary" href="/admin/users">
    17|                         <i class="bi bi-people-fill me-2"></i> Manage Users

user is not defined
    at eval ("E:\\PRACTICE\\Exam_Portal\\views\\layouts\\sidebar.ejs":12:8)
    at sidebar (E:\PRACTICE\Exam_Portal\node_modules\ejs\lib\cjs\ejs.js:632:23)
    at include (E:\PRACTICE\Exam_Portal\node_modules\ejs\lib\cjs\ejs.js:630:47)
    at eval ("E:\\PRACTICE\\Exam_Portal\\views\\admin\\users\\list.ejs":13:17)
    at list (E:\PRACTICE\Exam_Portal\node_modules\ejs\lib\cjs\ejs.js:632:23)
    at tryHandleCache (E:\PRACTICE\Exam_Portal\node_modules\ejs\lib\cjs\ejs.js:253:42)
    at ejs.renderFile [as engine] (E:\PRACTICE\Exam_Portal\node_modules\ejs\lib\cjs\ejs.js:444:12)
    at View.render (E:\PRACTICE\Exam_Portal\node_modules\express\lib\view.js:139:8)
    at tryRender (E:\PRACTICE\Exam_Portal\node_modules\express\lib\application.js:627:10)
    at Function.render (E:\PRACTICE\Exam_Portal\node_modules\express\lib\application.js:574:3)
2026-04-29 03:13:04 [ERROR]: Server Error: E:\PRACTICE\Exam_Portal\views\admin\users\list.ejs:5
    3|     <div class="container-fluid">
    4|         <div class="row">
 >> 5|             <%- include('../../layouts/sidebar') %>
    6| 
    7|                 <main class="col-md-9 ms-sm-auto col-lg-10 px-md-4 bg-light" style="min-height: 100vh;">
    8|                     <%- include('../../layouts/navbar') %>

E:\PRACTICE\Exam_Portal\views\layouts\sidebar.ejs:14
    12|             </li>
    13| 
 >> 14|             <% if(user && user.role==='SuperAdmin' ) { %>
    15|                 <li class="nav-item">
    16|                     <a class="nav-link text-light rounded hover-bg-primary" href="/admin/users">
    17|                         <i class="bi bi-people-fill me-2"></i> Manage Users

user is not defined 
Stack: ReferenceError: E:\PRACTICE\Exam_Portal\views\admin\users\list.ejs:5
    3|     <div class="container-fluid">
    4|         <div class="row">
 >> 5|             <%- include('../../layouts/sidebar') %>
    6| 
    7|                 <main class="col-md-9 ms-sm-auto col-lg-10 px-md-4 bg-light" style="min-height: 100vh;">
    8|                     <%- include('../../layouts/navbar') %>

E:\PRACTICE\Exam_Portal\views\layouts\sidebar.ejs:14
    12|             </li>
    13| 
 >> 14|             <% if(user && user.role==='SuperAdmin' ) { %>
    15|                 <li class="nav-item">
    16|                     <a class="nav-link text-light rounded hover-bg-primary" href="/admin/users">
    17|                         <i class="bi bi-people-fill me-2"></i> Manage Users

user is not defined
    at eval ("E:\\PRACTICE\\Exam_Portal\\views\\layouts\\sidebar.ejs":12:8)
    at sidebar (E:\PRACTICE\Exam_Portal\node_modules\ejs\lib\cjs\ejs.js:632:23)
    at include (E:\PRACTICE\Exam_Portal\node_modules\ejs\lib\cjs\ejs.js:630:47)
    at eval ("E:\\PRACTICE\\Exam_Portal\\views\\admin\\users\\list.ejs":13:17)
    at list (E:\PRACTICE\Exam_Portal\node_modules\ejs\lib\cjs\ejs.js:632:23)
    at tryHandleCache (E:\PRACTICE\Exam_Portal\node_modules\ejs\lib\cjs\ejs.js:253:42)
    at ejs.renderFile [as engine] (E:\PRACTICE\Exam_Portal\node_modules\ejs\lib\cjs\ejs.js:444:12)
    at View.render (E:\PRACTICE\Exam_Portal\node_modules\express\lib\view.js:139:8)
    at tryRender (E:\PRACTICE\Exam_Portal\node_modules\express\lib\application.js:627:10)
    at Function.render (E:\PRACTICE\Exam_Portal\node_modules\express\lib\application.js:574:3)
